<?xml version="1.0" encoding="UTF-8"?>
<!-- Generated by org.testng.reporters.JUnitReportReporter -->
<testsuite skipped="0" hostname="DESKTOP-H3C7SM4" name="com.TestNG_methods.OHRM_loginvalidation" tests="1" failures="0" timestamp="30 Aug 2019 11:43:28 GMT" time="11.793" errors="0">
  <testcase name="logIN" time="11.793" classname="com.TestNG_methods.OHRM_loginvalidation"/>
</testsuite> <!-- com.TestNG_methods.OHRM_loginvalidation -->
