<?xml version="1.0" encoding="UTF-8"?>
<!-- Generated by org.testng.reporters.JUnitReportReporter -->
<testsuite skipped="0" hostname="DESKTOP-H3C7SM4" name="com.PracticeSelenium.Screenshot" tests="1" failures="0" timestamp="26 Oct 2019 04:36:33 GMT" time="8.554" errors="0">
  <testcase name="gmail" time="8.554" classname="com.PracticeSelenium.Screenshot"/>
</testsuite> <!-- com.PracticeSelenium.Screenshot -->
