<?xml version="1.0" encoding="UTF-8"?>
<!-- Generated by org.testng.reporters.JUnitReportReporter -->
<testsuite skipped="0" hostname="DESKTOP-H3C7SM4" name="com.DatabaseTest.OrangeHrmLogin" tests="1" failures="0" timestamp="29 Sep 2019 09:27:30 GMT" time="0.204" errors="0">
  <testcase name="test" time="0.204" classname="com.DatabaseTest.OrangeHrmLogin"/>
</testsuite> <!-- com.DatabaseTest.OrangeHrmLogin -->
