<?xml version="1.0" encoding="UTF-8"?>
<!-- Generated by org.testng.reporters.JUnitReportReporter -->
<testsuite skipped="0" hostname="DESKTOP-H3C7SM4" name="com.PracticeSelenium.HtmlReport" tests="1" failures="0" timestamp="28 Oct 2019 09:02:06 GMT" time="0.021" errors="0">
  <testcase name="test1" time="0.021" classname="com.PracticeSelenium.HtmlReport"/>
</testsuite> <!-- com.PracticeSelenium.HtmlReport -->
