<?xml version="1.0" encoding="UTF-8"?>
<!-- Generated by org.testng.reporters.JUnitReportReporter -->
<testsuite skipped="0" hostname="DESKTOP-H3C7SM4" name="com.TsrtsAlertWindow.Alertwindow" tests="1" failures="0" timestamp="09 Sep 2019 05:38:07 GMT" time="5.180" errors="0">
  <testcase name="get" time="5.180" classname="com.TsrtsAlertWindow.Alertwindow"/>
</testsuite> <!-- com.TsrtsAlertWindow.Alertwindow -->
