<?xml version="1.0" encoding="UTF-8"?>
<!-- Generated by org.testng.reporters.JUnitReportReporter -->
<testsuite skipped="0" hostname="DESKTOP-H3C7SM4" name="com.AutoIt.OrangehrmAddEmployee" tests="1" failures="0" timestamp="08 Sep 2019 16:32:37 GMT" time="4.777" errors="0">
  <testcase name="addemployee" time="4.777" classname="com.AutoIt.OrangehrmAddEmployee"/>
</testsuite> <!-- com.AutoIt.OrangehrmAddEmployee -->
