<?xml version="1.0" encoding="UTF-8"?>
<!-- Generated by org.testng.reporters.JUnitReportReporter -->
<testsuite skipped="0" hostname="DESKTOP-H3C7SM4" name="com.TestNG_methods.Base_newtour" tests="1" failures="0" timestamp="30 Aug 2019 09:00:31 GMT" time="0.005" errors="0">
  <testcase name="test1" time="0.005" classname="com.TestNG_methods.Base_newtour"/>
</testsuite> <!-- com.TestNG_methods.Base_newtour -->
