<?xml version="1.0" encoding="UTF-8"?>
<!-- Generated by org.testng.reporters.JUnitReportReporter -->
<testsuite skipped="0" hostname="DESKTOP-H3C7SM4" name="com.Action_KeywordsScripts2.LoginORHRM" tests="1" failures="0" timestamp="17 Oct 2019 06:25:03 GMT" time="14.785" errors="0">
  <testcase name="login" time="14.785" classname="com.Action_KeywordsScripts2.LoginORHRM"/>
</testsuite> <!-- com.Action_KeywordsScripts2.LoginORHRM -->
