<?xml version="1.0" encoding="UTF-8"?>
<!-- Generated by org.testng.reporters.JUnitReportReporter -->
<testsuite skipped="0" hostname="DESKTOP-H3C7SM4" name="com.DatabaseTest.OrangeHRMLoginByDB" tests="1" failures="0" timestamp="17 Oct 2019 06:52:59 GMT" time="0.217" errors="1">
  <testcase name="loginvalidationtestbydatabase" time="0.217" classname="com.DatabaseTest.OrangeHRMLoginByDB">
    <error type="com.mysql.jdbc.exceptions.jdbc4.MySQLNonTransientConnectionException" message="Client does not support authentication protocol requested by server; consider upgrading MySQL client">
      <![CDATA[com.mysql.jdbc.exceptions.jdbc4.MySQLNonTransientConnectionException: Client does not support authentication protocol requested by server; consider upgrading MySQL client
at sun.reflect.NativeConstructorAccessorImpl.newInstance0(Native Method)
at sun.reflect.NativeConstructorAccessorImpl.newInstance(NativeConstructorAccessorImpl.java:62)
at sun.reflect.DelegatingConstructorAccessorImpl.newInstance(DelegatingConstructorAccessorImpl.java:45)
at java.lang.reflect.Constructor.newInstance(Constructor.java:423)
at com.mysql.jdbc.Util.handleNewInstance(Util.java:406)
at com.mysql.jdbc.Util.getInstance(Util.java:381)
at com.mysql.jdbc.SQLError.createSQLException(SQLError.java:985)
at com.mysql.jdbc.SQLError.createSQLException(SQLError.java:957)
at com.mysql.jdbc.MysqlIO.checkErrorPacket(MysqlIO.java:3376)
at com.mysql.jdbc.MysqlIO.checkErrorPacket(MysqlIO.java:3308)
at com.mysql.jdbc.MysqlIO.checkErrorPacket(MysqlIO.java:894)
at com.mysql.jdbc.MysqlIO.secureAuth411(MysqlIO.java:3808)
at com.mysql.jdbc.MysqlIO.doHandshake(MysqlIO.java:1256)
at com.mysql.jdbc.ConnectionImpl.createNewIO(ConnectionImpl.java:2032)
at com.mysql.jdbc.ConnectionImpl.<init>(ConnectionImpl.java:729)
at com.mysql.jdbc.JDBC4Connection.<init>(JDBC4Connection.java:46)
at sun.reflect.NativeConstructorAccessorImpl.newInstance0(Native Method)
at sun.reflect.NativeConstructorAccessorImpl.newInstance(NativeConstructorAccessorImpl.java:62)
at sun.reflect.DelegatingConstructorAccessorImpl.newInstance(DelegatingConstructorAccessorImpl.java:45)
at java.lang.reflect.Constructor.newInstance(Constructor.java:423)
at com.mysql.jdbc.Util.handleNewInstance(Util.java:406)
at com.mysql.jdbc.ConnectionImpl.getInstance(ConnectionImpl.java:302)
at com.mysql.jdbc.NonRegisteringDriver.connect(NonRegisteringDriver.java:283)
at java.sql.DriverManager.getConnection(DriverManager.java:664)
at java.sql.DriverManager.getConnection(DriverManager.java:247)
at com.DatabaseTest.OrangeHRMLoginByDB.loginvalidationtestbydatabase(OrangeHRMLoginByDB.java:45)
at sun.reflect.NativeMethodAccessorImpl.invoke0(Native Method)
at sun.reflect.NativeMethodAccessorImpl.invoke(NativeMethodAccessorImpl.java:62)
at sun.reflect.DelegatingMethodAccessorImpl.invoke(DelegatingMethodAccessorImpl.java:43)
at java.lang.reflect.Method.invoke(Method.java:498)
at org.testng.internal.MethodInvocationHelper.invokeMethod(MethodInvocationHelper.java:124)
at org.testng.internal.Invoker.invokeMethod(Invoker.java:583)
at org.testng.internal.Invoker.invokeTestMethod(Invoker.java:719)
at org.testng.internal.Invoker.invokeTestMethods(Invoker.java:989)
at org.testng.internal.TestMethodWorker.invokeTestMethods(TestMethodWorker.java:125)
at org.testng.internal.TestMethodWorker.run(TestMethodWorker.java:109)
at org.testng.TestRunner.privateRun(TestRunner.java:648)
at org.testng.TestRunner.run(TestRunner.java:505)
at org.testng.SuiteRunner.runTest(SuiteRunner.java:455)
at org.testng.SuiteRunner.runSequentially(SuiteRunner.java:450)
at org.testng.SuiteRunner.privateRun(SuiteRunner.java:415)
at org.testng.SuiteRunner.run(SuiteRunner.java:364)
at org.testng.SuiteRunnerWorker.runSuite(SuiteRunnerWorker.java:52)
at org.testng.SuiteRunnerWorker.run(SuiteRunnerWorker.java:84)
at org.testng.TestNG.runSuitesSequentially(TestNG.java:1208)
at org.testng.TestNG.runSuitesLocally(TestNG.java:1137)
at org.testng.TestNG.runSuites(TestNG.java:1049)
at org.testng.TestNG.run(TestNG.java:1017)
at org.testng.remote.AbstractRemoteTestNG.run(AbstractRemoteTestNG.java:115)
at org.testng.remote.RemoteTestNG.initAndRun(RemoteTestNG.java:251)
at org.testng.remote.RemoteTestNG.main(RemoteTestNG.java:77)
]]>
    </error>
  </testcase> <!-- loginvalidationtestbydatabase -->
</testsuite> <!-- com.DatabaseTest.OrangeHRMLoginByDB -->
