<?xml version="1.0" encoding="UTF-8"?>
<!-- Generated by org.testng.reporters.JUnitReportReporter -->
<testsuite skipped="0" hostname="DESKTOP-H3C7SM4" name="com.Action_KeywordsScripts2.LoginNewTour" tests="1" failures="0" timestamp="01 Nov 2019 08:14:25 GMT" time="10.673" errors="0">
  <testcase name="login" time="10.673" classname="com.Action_KeywordsScripts2.LoginNewTour"/>
</testsuite> <!-- com.Action_KeywordsScripts2.LoginNewTour -->
