<?xml version="1.0" encoding="UTF-8"?>
<!-- Generated by org.testng.reporters.JUnitReportReporter -->
<testsuite skipped="0" hostname="DESKTOP-H3C7SM4" name="com.TestNG_methods.NewTours_Registration" tests="2" failures="0" timestamp="31 Aug 2019 04:56:41 GMT" time="14.442" errors="0">
  <testcase name="registrationPage" time="1.033" classname="com.TestNG_methods.NewTours_Registration"/>
  <testcase name="filling_form" time="13.409" classname="com.TestNG_methods.NewTours_Registration"/>
</testsuite> <!-- com.TestNG_methods.NewTours_Registration -->
